<?xml version="1.0" encoding="UTF-8"?>
<!-- Generated by org.testng.reporters.JUnitReportReporter -->
<testsuite skipped="0" hostname="DESKTOP-JGEHULB" name="testCases.test_01" tests="4" failures="0" timestamp="2020-06-11T11:04:45 IST" time="6.488" errors="0">
  <testcase name="test_postResponse" time="1.492" classname="testCases.test_01"/>
  <system-out/>
  <testcase name="test_deleteResponse" time="3.548" classname="testCases.test_01"/>
  <system-out/>
  <testcase name="test_getResponse" time="0.728" classname="testCases.test_01"/>
  <system-out/>
  <testcase name="test_putResponse" time="0.720" classname="testCases.test_01"/>
  <system-out/>
</testsuite> <!-- testCases.test_01 -->
